<?xml version="1.0" encoding="UTF-8"?>
<!-- Generated by org.testng.reporters.JUnitReportReporter -->
<testsuite hostname="DESKTOP-GQ9EUD7" failures="0" tests="2" name="testcases.LoginTest" time="16.158" errors="0" timestamp="2023-02-22T14:16:04 IST" skipped="0">
  <testcase classname="testcases.LoginTest" name="LoginToApplication" time="10.236"/>
  <system-out/>
  <testcase classname="testcases.LoginTest" name="LoginToApplication" time="5.922"/>
  <system-out/>
</testsuite> <!-- testcases.LoginTest -->
