<?xml version="1.0" encoding="UTF-8"?>
<!-- Generated by org.testng.reporters.JUnitReportReporter -->
<testsuite skipped="0" hostname="DESKTOP-GQ9EUD7" name="testcases.LoginTest" tests="2" failures="0" timestamp="2023-02-21T20:20:50 IST" time="23.321" errors="0">
  <testcase name="LoginToApplication" time="15.549" classname="testcases.LoginTest"/>
  <system-out/>
  <testcase name="LoginToApplication" time="7.772" classname="testcases.LoginTest"/>
  <system-out/>
</testsuite> <!-- testcases.LoginTest -->
